<?xml version="1.0" encoding="UTF-8"?>
<testsuite xmlns:xsi="http://www.w3.org/2001/XMLSchema-instance" xsi:noNamespaceSchemaLocation="https://maven.apache.org/surefire/maven-surefire-plugin/xsd/surefire-test-report.xsd" name="com.campxsync.gateway.ApiGatewayApplicationTests" time="8.529" tests="5" errors="0" skipped="0" failures="0">
  <properties>
[...]
</properties>
  <testcase name="test02_CorsPreflight" classname="com.campxsync.gateway.ApiGatewayApplicationTests" time="0.95"/>
  <testcase name="test03_InvalidJwtToken" classname="com.campxsync.gateway.ApiGatewayApplicationTests" time="0.094"/>
  <testcase name="test05_UnroutedEndpoint" classname="com.campxsync.gateway.ApiGatewayApplicationTests" time="0.062"/>
  <testcase name="test01_HealthCheck" classname="com.campxsync.gateway.ApiGatewayApplicationTests" time="0.098"/>
  <testcase name="test04_ValidJwtTokenIngress" classname="com.campxsync.gateway.ApiGatewayApplicationTests" time="0.64"/>
</testsuite>